# JRE version: OpenJDK Runtime Environment Temurin-23.0.1+11 (23.0.1+11) (build 23.0.1+11)
# Java VM: OpenJDK 64-Bit Server VM Temurin-23.0.1+11 (23.0.1+11, mixed mode, sharing, tiered, compressed oops, compressed class ptrs, g1 gc, windows-amd64)
GC Precious Log:
 CardTable entry size: 512
 Card Set container configuration: InlinePtr #cards 5 size 8 Array Of Cards #cards 10 size 36 Howl #buckets 4 coarsen threshold 1843 Howl Bitmap #cards 512 size 80 coarsen threshold 460 Card regions per heap region 1 cards per card region 2048
 CPUs: 4 total, 4 available
 Memory: 3548M
 Large Page Support: Disabled
 NUMA Support: Disabled
 Compressed Oops: Enabled (32-bit)
 Heap Region Size: 1M
 Heap Min Capacity: 8M
 Heap Initial Capacity: 56M
 Heap Max Capacity: 888M
 Pre-touch: Disabled
 Parallel Workers: 4
 Concurrent Workers: 1
 Concurrent Refinement Workers: 4
 Periodic GC: Disabled
Heap:
 garbage-first heap   total reserved 909312K, committed 56320K, used 37858K [0x00000000c8800000, 0x0000000100000000)
  region size 1024K, 8 young (8192K), 2 survivors (2048K)
 Metaspace       used 70498K, committed 71168K, reserved 1114112K
  class space    used 9715K, committed 9984K, reserved 1048576K
GC Heap History (20 events):
Event: 18.213 GC heap before
{Heap before GC invocations=10 (full 0):
 garbage-first heap   total reserved 909312K, committed 51200K, used 31342K [0x00000000c8800000, 0x0000000100000000)
  region size 1024K, 12 young (12288K), 3 survivors (3072K)
 Metaspace       used 35449K, committed 35968K, reserved 1114112K
  class space    used 4688K, committed 4928K, reserved 1048576K
}
Event: 18.222 GC heap after
{Heap after GC invocations=11 (full 0):
 garbage-first heap   total reserved 909312K, committed 51200K, used 23780K [0x00000000c8800000, 0x0000000100000000)
  region size 1024K, 1 young (1024K), 1 survivors (1024K)
 Metaspace       used 35449K, committed 35968K, reserved 1114112K
  class space    used 4688K, committed 4928K, reserved 1048576K
}
Event: 20.302 GC heap before
{Heap before GC invocations=12 (full 0):
 garbage-first heap   total reserved 909312K, committed 51200K, used 44260K [0x00000000c8800000, 0x0000000100000000)
  region size 1024K, 21 young (21504K), 1 survivors (1024K)
 Metaspace       used 40568K, committed 41152K, reserved 1114112K
  class space    used 5482K, committed 5696K, reserved 1048576K
}
Event: 20.309 GC heap after
{Heap after GC invocations=13 (full 0):
 garbage-first heap   total reserved 909312K, committed 51200K, used 24863K [0x00000000c8800000, 0x0000000100000000)
  region size 1024K, 3 young (3072K), 3 survivors (3072K)
 Metaspace       used 40568K, committed 41152K, reserved 1114112K
  class space    used 5482K, committed 5696K, reserved 1048576K
}
Event: 22.700 GC heap before
{Heap before GC invocations=13 (full 0):
 garbage-first heap   total reserved 909312K, committed 51200K, used 42271K [0x00000000c8800000, 0x0000000100000000)
  region size 1024K, 21 young (21504K), 3 survivors (3072K)
 Metaspace       used 49073K, committed 49600K, reserved 1114112K
  class space    used 6557K, committed 6784K, reserved 1048576K
}
Event: 22.713 GC heap after
{Heap after GC invocations=14 (full 0):
 garbage-first heap   total reserved 909312K, committed 51200K, used 26788K [0x00000000c8800000, 0x0000000100000000)
  region size 1024K, 3 young (3072K), 3 survivors (3072K)
 Metaspace       used 49073K, committed 49600K, reserved 1114112K
  class space    used 6557K, committed 6784K, reserved 1048576K
}
Event: 24.587 GC heap before
{Heap before GC invocations=14 (full 0):
 garbage-first heap   total reserved 909312K, committed 51200K, used 44196K [0x00000000c8800000, 0x0000000100000000)
  region size 1024K, 20 young (20480K), 3 survivors (3072K)
 Metaspace       used 53107K, committed 53568K, reserved 1114112K
  class space    used 7106K, committed 7296K, reserved 1048576K
}
Event: 24.601 GC heap after
{Heap after GC invocations=15 (full 0):
 garbage-first heap   total reserved 909312K, committed 51200K, used 28398K [0x00000000c8800000, 0x0000000100000000)
  region size 1024K, 2 young (2048K), 2 survivors (2048K)
 Metaspace       used 53107K, committed 53568K, reserved 1114112K
  class space    used 7106K, committed 7296K, reserved 1048576K
}
Event: 26.889 GC heap before
{Heap before GC invocations=16 (full 0):
 garbage-first heap   total reserved 909312K, committed 51200K, used 43758K [0x00000000c8800000, 0x0000000100000000)
  region size 1024K, 18 young (18432K), 2 survivors (2048K)
 Metaspace       used 57058K, committed 57600K, reserved 1114112K
  class space    used 7574K, committed 7808K, reserved 1048576K
}
Event: 26.894 GC heap after
{Heap after GC invocations=17 (full 0):
 garbage-first heap   total reserved 909312K, committed 51200K, used 29033K [0x00000000c8800000, 0x0000000100000000)
  region size 1024K, 2 young (2048K), 2 survivors (2048K)
 Metaspace       used 57058K, committed 57600K, reserved 1114112K
  class space    used 7574K, committed 7808K, reserved 1048576K
}
Event: 28.863 GC heap before
{Heap before GC invocations=17 (full 0):
 garbage-first heap   total reserved 909312K, committed 51200K, used 44393K [0x00000000c8800000, 0x0000000100000000)
  region size 1024K, 18 young (18432K), 2 survivors (2048K)
 Metaspace       used 61783K, committed 62400K, reserved 1114112K
  class space    used 8439K, committed 8704K, reserved 1048576K
}
Event: 28.871 GC heap after
{Heap after GC invocations=18 (full 0):
 garbage-first heap   total reserved 909312K, committed 51200K, used 28767K [0x00000000c8800000, 0x0000000100000000)
  region size 1024K, 2 young (2048K), 2 survivors (2048K)
 Metaspace       used 61783K, committed 62400K, reserved 1114112K
  class space    used 8439K, committed 8704K, reserved 1048576K
}
Event: 30.463 GC heap before
{Heap before GC invocations=18 (full 0):
 garbage-first heap   total reserved 909312K, committed 51200K, used 44127K [0x00000000c8800000, 0x0000000100000000)
  region size 1024K, 18 young (18432K), 2 survivors (2048K)
 Metaspace       used 65182K, committed 65792K, reserved 1114112K
  class space    used 8902K, committed 9216K, reserved 1048576K
}
Event: 30.469 GC heap after
{Heap after GC invocations=19 (full 0):
 garbage-first heap   total reserved 909312K, committed 51200K, used 29576K [0x00000000c8800000, 0x0000000100000000)
  region size 1024K, 3 young (3072K), 3 survivors (3072K)
 Metaspace       used 65182K, committed 65792K, reserved 1114112K
  class space    used 8902K, committed 9216K, reserved 1048576K
}
Event: 31.961 GC heap before
{Heap before GC invocations=20 (full 0):
 garbage-first heap   total reserved 909312K, committed 51200K, used 43912K [0x00000000c8800000, 0x0000000100000000)
  region size 1024K, 17 young (17408K), 3 survivors (3072K)
 Metaspace       used 67986K, committed 68544K, reserved 1114112K
  class space    used 9346K, committed 9600K, reserved 1048576K
}
Event: 31.970 GC heap after
{Heap after GC invocations=21 (full 0):
 garbage-first heap   total reserved 909312K, committed 51200K, used 30787K [0x00000000c8800000, 0x0000000100000000)
  region size 1024K, 3 young (3072K), 3 survivors (3072K)
 Metaspace       used 67986K, committed 68544K, reserved 1114112K
  class space    used 9346K, committed 9600K, reserved 1048576K
}
Event: 36.479 GC heap before
{Heap before GC invocations=21 (full 0):
 garbage-first heap   total reserved 909312K, committed 51200K, used 44099K [0x00000000c8800000, 0x0000000100000000)
  region size 1024K, 16 young (16384K), 3 survivors (3072K)
 Metaspace       used 68957K, committed 69568K, reserved 1114112K
  class space    used 9485K, committed 9728K, reserved 1048576K
}
Event: 36.489 GC heap after
{Heap after GC invocations=22 (full 0):
 garbage-first heap   total reserved 909312K, committed 51200K, used 31577K [0x00000000c8800000, 0x0000000100000000)
  region size 1024K, 2 young (2048K), 2 survivors (2048K)
 Metaspace       used 68957K, committed 69568K, reserved 1114112K
  class space    used 9485K, committed 9728K, reserved 1048576K
}
Event: 37.873 GC heap before
{Heap before GC invocations=22 (full 0):
 garbage-first heap   total reserved 909312K, committed 51200K, used 44889K [0x00000000c8800000, 0x0000000100000000)
  region size 1024K, 15 young (15360K), 2 survivors (2048K)
 Metaspace       used 69977K, committed 70656K, reserved 1114112K
  class space    used 9620K, committed 9920K, reserved 1048576K
}
Event: 37.879 GC heap after
{Heap after GC invocations=23 (full 0):
 garbage-first heap   total reserved 909312K, committed 51200K, used 32738K [0x00000000c8800000, 0x0000000100000000)
  region size 1024K, 2 young (2048K), 2 survivors (2048K)
 Metaspace       used 69977K, committed 70656K, reserved 1114112K
  class space    used 9620K, committed 9920K, reserved 1048576K
}

